<?xml version="1.0" encoding="UTF-8"?>
<coverage generated="1764146156462" clover="3.2.0">
  <project timestamp="1764146156462" name="All files">
    <metrics statements="109" coveredstatements="88" conditionals="97" coveredconditionals="86" methods="23" coveredmethods="17" elements="229" coveredelements="191" complexity="0" loc="109" ncloc="109" packages="1" files="4" classes="4"/>
    <file name="altitudeFilter.ts" path="C:\Users\silsl\Documents\GitHub\SAATM\frontend\src\lib\altitudeFilter.ts">
      <metrics statements="21" coveredstatements="21" conditionals="34" coveredconditionals="34" methods="4" coveredmethods="4"/>
      <line num="17" count="12" type="stmt"/>
      <line num="18" count="110" type="stmt"/>
      <line num="21" count="110" type="cond" truecount="6" falsecount="0"/>
      <line num="22" count="40" type="cond" truecount="2" falsecount="0"/>
      <line num="26" count="70" type="cond" truecount="4" falsecount="0"/>
      <line num="27" count="20" type="stmt"/>
      <line num="31" count="50" type="cond" truecount="4" falsecount="0"/>
      <line num="32" count="20" type="stmt"/>
      <line num="36" count="30" type="stmt"/>
      <line num="51" count="7" type="cond" truecount="2" falsecount="0"/>
      <line num="57" count="2" type="cond" truecount="2" falsecount="0"/>
      <line num="58" count="1" type="stmt"/>
      <line num="66" count="6" type="cond" truecount="4" falsecount="0"/>
      <line num="67" count="1" type="stmt"/>
      <line num="73" count="5" type="cond" truecount="4" falsecount="0"/>
      <line num="74" count="1" type="stmt"/>
      <line num="80" count="4" type="stmt"/>
      <line num="95" count="3" type="stmt"/>
      <line num="96" count="3" type="stmt"/>
      <line num="101" count="3" type="cond" truecount="2" falsecount="0"/>
      <line num="103" count="3" type="stmt"/>
    </file>
    <file name="flightSearch.ts" path="C:\Users\silsl\Documents\GitHub\SAATM\frontend\src\lib\flightSearch.ts">
      <metrics statements="19" coveredstatements="14" conditionals="14" coveredconditionals="8" methods="5" coveredmethods="3"/>
      <line num="22" count="5" type="cond" truecount="2" falsecount="0"/>
      <line num="23" count="1" type="stmt"/>
      <line num="31" count="4" type="cond" truecount="2" falsecount="0"/>
      <line num="32" count="1" type="stmt"/>
      <line num="39" count="3" type="stmt"/>
      <line num="42" count="3" type="stmt"/>
      <line num="43" count="21" type="stmt"/>
      <line num="46" count="3" type="cond" truecount="2" falsecount="0"/>
      <line num="47" count="1" type="stmt"/>
      <line num="55" count="2" type="stmt"/>
      <line num="56" count="20" type="stmt"/>
      <line num="59" count="2" type="cond" truecount="2" falsecount="0"/>
      <line num="60" count="1" type="stmt"/>
      <line num="68" count="1" type="stmt"/>
      <line num="85" count="0" type="cond" truecount="0" falsecount="4"/>
      <line num="86" count="0" type="stmt"/>
      <line num="89" count="0" type="stmt"/>
      <line num="90" count="0" type="stmt"/>
      <line num="93" count="0" type="cond" truecount="0" falsecount="2"/>
    </file>
    <file name="mockDataBuilder.ts" path="C:\Users\silsl\Documents\GitHub\SAATM\frontend\src\lib\mockDataBuilder.ts">
      <metrics statements="16" coveredstatements="1" conditionals="6" coveredconditionals="2" methods="5" coveredmethods="1"/>
      <line num="13" count="4" type="stmt"/>
      <line num="33" count="0" type="stmt"/>
      <line num="48" count="0" type="cond" truecount="0" falsecount="2"/>
      <line num="49" count="0" type="stmt"/>
      <line num="51" count="0" type="stmt"/>
      <line num="60" count="0" type="stmt"/>
      <line num="70" count="0" type="stmt"/>
      <line num="85" count="0" type="stmt"/>
      <line num="87" count="0" type="stmt"/>
      <line num="88" count="0" type="stmt"/>
      <line num="89" count="0" type="stmt"/>
      <line num="90" count="0" type="stmt"/>
      <line num="91" count="0" type="stmt"/>
      <line num="92" count="0" type="stmt"/>
      <line num="94" count="0" type="stmt"/>
      <line num="107" count="0" type="stmt"/>
    </file>
    <file name="transcriptUtils.ts" path="C:\Users\silsl\Documents\GitHub\SAATM\frontend\src\lib\transcriptUtils.ts">
      <metrics statements="53" coveredstatements="52" conditionals="43" coveredconditionals="42" methods="9" coveredmethods="9"/>
      <line num="11" count="30" type="stmt"/>
      <line num="12" count="30" type="cond" truecount="2" falsecount="0"/>
      <line num="13" count="2" type="stmt"/>
      <line num="15" count="28" type="stmt"/>
      <line num="16" count="28" type="stmt"/>
      <line num="18" count="28" type="cond" truecount="4" falsecount="0"/>
      <line num="19" count="3" type="stmt"/>
      <line num="22" count="25" type="stmt"/>
      <line num="37" count="5" type="stmt"/>
      <line num="38" count="5" type="stmt"/>
      <line num="40" count="5" type="stmt"/>
      <line num="41" count="8" type="stmt"/>
      <line num="42" count="8" type="stmt"/>
      <line num="44" count="8" type="cond" truecount="2" falsecount="0"/>
      <line num="45" count="5" type="stmt"/>
      <line num="46" count="5" type="stmt"/>
      <line num="48" count="3" type="stmt"/>
      <line num="52" count="5" type="stmt"/>
      <line num="65" count="2" type="stmt"/>
      <line num="66" count="2" type="stmt"/>
      <line num="79" count="6" type="cond" truecount="2" falsecount="0"/>
      <line num="80" count="2" type="stmt"/>
      <line num="82" count="4" type="stmt"/>
      <line num="97" count="3" type="stmt"/>
      <line num="98" count="3" type="cond" truecount="2" falsecount="0"/>
      <line num="99" count="1" type="stmt"/>
      <line num="102" count="2" type="stmt"/>
      <line num="103" count="2" type="stmt"/>
      <line num="104" count="2" type="cond" truecount="2" falsecount="0"/>
      <line num="116" count="7" type="cond" truecount="2" falsecount="0"/>
      <line num="117" count="1" type="stmt"/>
      <line num="120" count="6" type="cond" truecount="4" falsecount="0"/>
      <line num="121" count="1" type="stmt"/>
      <line num="124" count="5" type="cond" truecount="4" falsecount="0"/>
      <line num="125" count="1" type="stmt"/>
      <line num="128" count="4" type="cond" truecount="4" falsecount="0"/>
      <line num="129" count="1" type="stmt"/>
      <line num="133" count="3" type="stmt"/>
      <line num="134" count="3" type="cond" truecount="1" falsecount="1"/>
      <line num="135" count="0" type="stmt"/>
      <line num="138" count="3" type="stmt"/>
      <line num="139" count="3" type="stmt"/>
      <line num="141" count="3" type="cond" truecount="4" falsecount="0"/>
      <line num="142" count="1" type="stmt"/>
      <line num="148" count="2" type="cond" truecount="4" falsecount="0"/>
      <line num="149" count="1" type="stmt"/>
      <line num="152" count="1" type="stmt"/>
      <line num="167" count="2" type="stmt"/>
      <line num="168" count="6" type="stmt"/>
      <line num="169" count="6" type="cond" truecount="2" falsecount="0"/>
      <line num="183" count="3" type="cond" truecount="2" falsecount="0"/>
      <line num="184" count="1" type="stmt"/>
      <line num="186" count="2" type="stmt"/>
    </file>
  </project>
</coverage>
