{"C:\\Users\\silsl\\Documents\\GitHub\\SAATM\\frontend\\src\\lib\\altitudeFilter.ts": {"path":"C:\\Users\\silsl\\Documents\\GitHub\\SAATM\\frontend\\src\\lib\\altitudeFilter.ts","statementMap":{"0":{"start":{"line":17,"column":4},"end":{"line":37,"column":null}},"1":{"start":{"line":18,"column":25},"end":{"line":18,"column":null}},"2":{"start":{"line":21,"column":8},"end":{"line":23,"column":null}},"3":{"start":{"line":22,"column":12},"end":{"line":22,"column":null}},"4":{"start":{"line":26,"column":8},"end":{"line":28,"column":null}},"5":{"start":{"line":27,"column":12},"end":{"line":27,"column":null}},"6":{"start":{"line":31,"column":8},"end":{"line":33,"column":null}},"7":{"start":{"line":32,"column":12},"end":{"line":32,"column":null}},"8":{"start":{"line":36,"column":8},"end":{"line":36,"column":null}},"9":{"start":{"line":51,"column":4},"end":{"line":63,"column":null}},"10":{"start":{"line":57,"column":8},"end":{"line":62,"column":null}},"11":{"start":{"line":58,"column":12},"end":{"line":61,"column":null}},"12":{"start":{"line":66,"column":4},"end":{"line":71,"column":null}},"13":{"start":{"line":67,"column":8},"end":{"line":70,"column":null}},"14":{"start":{"line":73,"column":4},"end":{"line":78,"column":null}},"15":{"start":{"line":74,"column":8},"end":{"line":77,"column":null}},"16":{"start":{"line":80,"column":4},"end":{"line":80,"column":null}},"17":{"start":{"line":95,"column":18},"end":{"line":95,"column":null}},"18":{"start":{"line":96,"column":21},"end":{"line":100,"column":null}},"19":{"start":{"line":101,"column":23},"end":{"line":101,"column":null}},"20":{"start":{"line":103,"column":4},"end":{"line":103,"column":null}}},"fnMap":{"0":{"name":"filterAircraftByAltitude","decl":{"start":{"line":12,"column":16},"end":{"line":12,"column":null}},"loc":{"start":{"line":16,"column":14},"end":{"line":38,"column":null}},"line":16},"1":{"name":"(anonymous_1)","decl":{"start":{"line":17,"column":27},"end":{"line":17,"column":28}},"loc":{"start":{"line":17,"column":35},"end":{"line":37,"column":5}},"line":17},"2":{"name":"validateAltitudeRange","decl":{"start":{"line":46,"column":16},"end":{"line":46,"column":null}},"loc":{"start":{"line":49,"column":40},"end":{"line":81,"column":null}},"line":49},"3":{"name":"getAltitudeFilterStats","decl":{"start":{"line":90,"column":16},"end":{"line":90,"column":null}},"loc":{"start":{"line":94,"column":59},"end":{"line":104,"column":null}},"line":94}},"branchMap":{"0":{"loc":{"start":{"line":21,"column":8},"end":{"line":23,"column":null}},"type":"if","locations":[{"start":{"line":21,"column":8},"end":{"line":23,"column":null}},{"start":{},"end":{}}],"line":21},"1":{"loc":{"start":{"line":21,"column":12},"end":{"line":21,"column":78}},"type":"binary-expr","locations":[{"start":{"line":21,"column":12},"end":{"line":21,"column":27}},{"start":{"line":21,"column":27},"end":{"line":21,"column":46}},{"start":{"line":21,"column":46},"end":{"line":21,"column":61}},{"start":{"line":21,"column":61},"end":{"line":21,"column":78}}],"line":21},"2":{"loc":{"start":{"line":22,"column":19},"end":{"line":22,"column":null}},"type":"binary-expr","locations":[{"start":{"line":22,"column":19},"end":{"line":22,"column":46}},{"start":{"line":22,"column":46},"end":{"line":22,"column":null}}],"line":22},"3":{"loc":{"start":{"line":26,"column":8},"end":{"line":28,"column":null}},"type":"if","locations":[{"start":{"line":26,"column":8},"end":{"line":28,"column":null}},{"start":{},"end":{}}],"line":26},"4":{"loc":{"start":{"line":26,"column":12},"end":{"line":26,"column":44}},"type":"binary-expr","locations":[{"start":{"line":26,"column":12},"end":{"line":26,"column":27}},{"start":{"line":26,"column":27},"end":{"line":26,"column":44}}],"line":26},"5":{"loc":{"start":{"line":31,"column":8},"end":{"line":33,"column":null}},"type":"if","locations":[{"start":{"line":31,"column":8},"end":{"line":33,"column":null}},{"start":{},"end":{}}],"line":31},"6":{"loc":{"start":{"line":31,"column":12},"end":{"line":31,"column":44}},"type":"binary-expr","locations":[{"start":{"line":31,"column":12},"end":{"line":31,"column":27}},{"start":{"line":31,"column":27},"end":{"line":31,"column":44}}],"line":31},"7":{"loc":{"start":{"line":51,"column":4},"end":{"line":63,"column":null}},"type":"if","locations":[{"start":{"line":51,"column":4},"end":{"line":63,"column":null}},{"start":{},"end":{}}],"line":51},"8":{"loc":{"start":{"line":52,"column":8},"end":{"line":55,"column":null}},"type":"binary-expr","locations":[{"start":{"line":52,"column":8},"end":{"line":52,"column":null}},{"start":{"line":53,"column":8},"end":{"line":53,"column":null}},{"start":{"line":54,"column":8},"end":{"line":54,"column":null}},{"start":{"line":55,"column":8},"end":{"line":55,"column":null}}],"line":52},"9":{"loc":{"start":{"line":57,"column":8},"end":{"line":62,"column":null}},"type":"if","locations":[{"start":{"line":57,"column":8},"end":{"line":62,"column":null}},{"start":{},"end":{}}],"line":57},"10":{"loc":{"start":{"line":66,"column":4},"end":{"line":71,"column":null}},"type":"if","locations":[{"start":{"line":66,"column":4},"end":{"line":71,"column":null}},{"start":{},"end":{}}],"line":66},"11":{"loc":{"start":{"line":66,"column":8},"end":{"line":66,"column":49}},"type":"binary-expr","locations":[{"start":{"line":66,"column":8},"end":{"line":66,"column":32}},{"start":{"line":66,"column":32},"end":{"line":66,"column":49}}],"line":66},"12":{"loc":{"start":{"line":73,"column":4},"end":{"line":78,"column":null}},"type":"if","locations":[{"start":{"line":73,"column":4},"end":{"line":78,"column":null}},{"start":{},"end":{}}],"line":73},"13":{"loc":{"start":{"line":73,"column":8},"end":{"line":73,"column":49}},"type":"binary-expr","locations":[{"start":{"line":73,"column":8},"end":{"line":73,"column":32}},{"start":{"line":73,"column":32},"end":{"line":73,"column":49}}],"line":73},"14":{"loc":{"start":{"line":101,"column":23},"end":{"line":101,"column":null}},"type":"cond-expr","locations":[{"start":{"line":101,"column":36},"end":{"line":101,"column":62}},{"start":{"line":101,"column":62},"end":{"line":101,"column":null}}],"line":101}},"s":{"0":12,"1":110,"2":110,"3":40,"4":70,"5":20,"6":50,"7":20,"8":30,"9":7,"10":2,"11":1,"12":6,"13":1,"14":5,"15":1,"16":4,"17":3,"18":3,"19":3,"20":3},"f":{"0":12,"1":110,"2":7,"3":3},"b":{"0":[40,70],"1":[110,60,60,40],"2":[40,25],"3":[20,50],"4":[70,20],"5":[20,30],"6":[50,20],"7":[2,5],"8":[7,5,4,3],"9":[1,1],"10":[1,5],"11":[6,4],"12":[1,4],"13":[5,3],"14":[2,1]},"meta":{"lastBranch":15,"lastFunction":4,"lastStatement":21,"seen":{"f:12:16:12:Infinity":0,"s:17:4:37:Infinity":0,"f:17:27:17:28":1,"s:18:25:18:Infinity":1,"b:21:8:23:Infinity:undefined:undefined:undefined:undefined":0,"s:21:8:23:Infinity":2,"b:21:12:21:27:21:27:21:46:21:46:21:61:21:61:21:78":1,"s:22:12:22:Infinity":3,"b:22:19:22:46:22:46:22:Infinity":2,"b:26:8:28:Infinity:undefined:undefined:undefined:undefined":3,"s:26:8:28:Infinity":4,"b:26:12:26:27:26:27:26:44":4,"s:27:12:27:Infinity":5,"b:31:8:33:Infinity:undefined:undefined:undefined:undefined":5,"s:31:8:33:Infinity":6,"b:31:12:31:27:31:27:31:44":6,"s:32:12:32:Infinity":7,"s:36:8:36:Infinity":8,"f:46:16:46:Infinity":2,"b:51:4:63:Infinity:undefined:undefined:undefined:undefined":7,"s:51:4:63:Infinity":9,"b:52:8:52:Infinity:53:8:53:Infinity:54:8:54:Infinity:55:8:55:Infinity":8,"b:57:8:62:Infinity:undefined:undefined:undefined:undefined":9,"s:57:8:62:Infinity":10,"s:58:12:61:Infinity":11,"b:66:4:71:Infinity:undefined:undefined:undefined:undefined":10,"s:66:4:71:Infinity":12,"b:66:8:66:32:66:32:66:49":11,"s:67:8:70:Infinity":13,"b:73:4:78:Infinity:undefined:undefined:undefined:undefined":12,"s:73:4:78:Infinity":14,"b:73:8:73:32:73:32:73:49":13,"s:74:8:77:Infinity":15,"s:80:4:80:Infinity":16,"f:90:16:90:Infinity":3,"s:95:18:95:Infinity":17,"s:96:21:100:Infinity":18,"s:101:23:101:Infinity":19,"b:101:36:101:62:101:62:101:Infinity":14,"s:103:4:103:Infinity":20}}}
,"C:\\Users\\silsl\\Documents\\GitHub\\SAATM\\frontend\\src\\lib\\flightSearch.ts": {"path":"C:\\Users\\silsl\\Documents\\GitHub\\SAATM\\frontend\\src\\lib\\flightSearch.ts","statementMap":{"0":{"start":{"line":22,"column":4},"end":{"line":28,"column":null}},"1":{"start":{"line":23,"column":8},"end":{"line":27,"column":null}},"2":{"start":{"line":31,"column":4},"end":{"line":37,"column":null}},"3":{"start":{"line":32,"column":8},"end":{"line":36,"column":null}},"4":{"start":{"line":39,"column":31},"end":{"line":39,"column":null}},"5":{"start":{"line":42,"column":23},"end":{"line":44,"column":null}},"6":{"start":{"line":43,"column":16},"end":{"line":43,"column":null}},"7":{"start":{"line":46,"column":4},"end":{"line":52,"column":null}},"8":{"start":{"line":47,"column":8},"end":{"line":51,"column":null}},"9":{"start":{"line":55,"column":26},"end":{"line":57,"column":null}},"10":{"start":{"line":56,"column":8},"end":{"line":56,"column":null}},"11":{"start":{"line":59,"column":4},"end":{"line":65,"column":null}},"12":{"start":{"line":60,"column":8},"end":{"line":64,"column":null}},"13":{"start":{"line":68,"column":4},"end":{"line":72,"column":null}},"14":{"start":{"line":85,"column":4},"end":{"line":87,"column":null}},"15":{"start":{"line":86,"column":8},"end":{"line":86,"column":null}},"16":{"start":{"line":89,"column":26},"end":{"line":91,"column":null}},"17":{"start":{"line":90,"column":16},"end":{"line":90,"column":null}},"18":{"start":{"line":93,"column":4},"end":{"line":93,"column":null}}},"fnMap":{"0":{"name":"searchFlights","decl":{"start":{"line":17,"column":16},"end":{"line":17,"column":null}},"loc":{"start":{"line":20,"column":16},"end":{"line":73,"column":null}},"line":20},"1":{"name":"(anonymous_1)","decl":{"start":{"line":43,"column":8},"end":{"line":43,"column":9}},"loc":{"start":{"line":43,"column":16},"end":{"line":43,"column":null}},"line":43},"2":{"name":"(anonymous_2)","decl":{"start":{"line":55,"column":55},"end":{"line":55,"column":56}},"loc":{"start":{"line":56,"column":8},"end":{"line":56,"column":null}},"line":56},"3":{"name":"updateSelectedFlight","decl":{"start":{"line":81,"column":16},"end":{"line":81,"column":null}},"loc":{"start":{"line":84,"column":19},"end":{"line":94,"column":null}},"line":84},"4":{"name":"(anonymous_4)","decl":{"start":{"line":90,"column":8},"end":{"line":90,"column":9}},"loc":{"start":{"line":90,"column":16},"end":{"line":90,"column":null}},"line":90}},"branchMap":{"0":{"loc":{"start":{"line":22,"column":4},"end":{"line":28,"column":null}},"type":"if","locations":[{"start":{"line":22,"column":4},"end":{"line":28,"column":null}},{"start":{},"end":{}}],"line":22},"1":{"loc":{"start":{"line":31,"column":4},"end":{"line":37,"column":null}},"type":"if","locations":[{"start":{"line":31,"column":4},"end":{"line":37,"column":null}},{"start":{},"end":{}}],"line":31},"2":{"loc":{"start":{"line":46,"column":4},"end":{"line":52,"column":null}},"type":"if","locations":[{"start":{"line":46,"column":4},"end":{"line":52,"column":null}},{"start":{},"end":{}}],"line":46},"3":{"loc":{"start":{"line":59,"column":4},"end":{"line":65,"column":null}},"type":"if","locations":[{"start":{"line":59,"column":4},"end":{"line":65,"column":null}},{"start":{},"end":{}}],"line":59},"4":{"loc":{"start":{"line":85,"column":4},"end":{"line":87,"column":null}},"type":"if","locations":[{"start":{"line":85,"column":4},"end":{"line":87,"column":null}},{"start":{},"end":{}}],"line":85},"5":{"loc":{"start":{"line":85,"column":8},"end":{"line":85,"column":42}},"type":"binary-expr","locations":[{"start":{"line":85,"column":8},"end":{"line":85,"column":27}},{"start":{"line":85,"column":27},"end":{"line":85,"column":42}}],"line":85},"6":{"loc":{"start":{"line":93,"column":11},"end":{"line":93,"column":null}},"type":"binary-expr","locations":[{"start":{"line":93,"column":11},"end":{"line":93,"column":28}},{"start":{"line":93,"column":28},"end":{"line":93,"column":null}}],"line":93}},"s":{"0":5,"1":1,"2":4,"3":1,"4":3,"5":3,"6":21,"7":3,"8":1,"9":2,"10":20,"11":2,"12":1,"13":1,"14":0,"15":0,"16":0,"17":0,"18":0},"f":{"0":5,"1":21,"2":20,"3":0,"4":0},"b":{"0":[1,4],"1":[1,3],"2":[1,2],"3":[1,1],"4":[0,0],"5":[0,0],"6":[0,0]},"meta":{"lastBranch":7,"lastFunction":5,"lastStatement":19,"seen":{"f:17:16:17:Infinity":0,"b:22:4:28:Infinity:undefined:undefined:undefined:undefined":0,"s:22:4:28:Infinity":0,"s:23:8:27:Infinity":1,"b:31:4:37:Infinity:undefined:undefined:undefined:undefined":1,"s:31:4:37:Infinity":2,"s:32:8:36:Infinity":3,"s:39:31:39:Infinity":4,"s:42:23:44:Infinity":5,"f:43:8:43:9":1,"s:43:16:43:Infinity":6,"b:46:4:52:Infinity:undefined:undefined:undefined:undefined":2,"s:46:4:52:Infinity":7,"s:47:8:51:Infinity":8,"s:55:26:57:Infinity":9,"f:55:55:55:56":2,"s:56:8:56:Infinity":10,"b:59:4:65:Infinity:undefined:undefined:undefined:undefined":3,"s:59:4:65:Infinity":11,"s:60:8:64:Infinity":12,"s:68:4:72:Infinity":13,"f:81:16:81:Infinity":3,"b:85:4:87:Infinity:undefined:undefined:undefined:undefined":4,"s:85:4:87:Infinity":14,"b:85:8:85:27:85:27:85:42":5,"s:86:8:86:Infinity":15,"s:89:26:91:Infinity":16,"f:90:8:90:9":4,"s:90:16:90:Infinity":17,"s:93:4:93:Infinity":18,"b:93:11:93:28:93:28:93:Infinity":6}}}
,"C:\\Users\\silsl\\Documents\\GitHub\\SAATM\\frontend\\src\\lib\\mockDataBuilder.ts": {"path":"C:\\Users\\silsl\\Documents\\GitHub\\SAATM\\frontend\\src\\lib\\mockDataBuilder.ts","statementMap":{"0":{"start":{"line":13,"column":4},"end":{"line":24,"column":null}},"1":{"start":{"line":33,"column":4},"end":{"line":33,"column":null}},"2":{"start":{"line":48,"column":4},"end":{"line":50,"column":null}},"3":{"start":{"line":49,"column":8},"end":{"line":49,"column":null}},"4":{"start":{"line":51,"column":4},"end":{"line":51,"column":null}},"5":{"start":{"line":60,"column":31},"end":{"line":68,"column":null}},"6":{"start":{"line":70,"column":4},"end":{"line":70,"column":null}},"7":{"start":{"line":85,"column":33},"end":{"line":85,"column":null}},"8":{"start":{"line":87,"column":4},"end":{"line":105,"column":null}},"9":{"start":{"line":87,"column":17},"end":{"line":87,"column":20}},"10":{"start":{"line":88,"column":14},"end":{"line":88,"column":null}},"11":{"start":{"line":89,"column":14},"end":{"line":89,"column":null}},"12":{"start":{"line":90,"column":25},"end":{"line":90,"column":null}},"13":{"start":{"line":91,"column":28},"end":{"line":91,"column":null}},"14":{"start":{"line":92,"column":22},"end":{"line":92,"column":null}},"15":{"start":{"line":94,"column":8},"end":{"line":104,"column":null}},"16":{"start":{"line":107,"column":4},"end":{"line":107,"column":null}}},"fnMap":{"0":{"name":"createMockAircraftResponse","decl":{"start":{"line":9,"column":16},"end":{"line":9,"column":null}},"loc":{"start":{"line":12,"column":23},"end":{"line":25,"column":null}},"line":12},"1":{"name":"isMockData","decl":{"start":{"line":32,"column":16},"end":{"line":32,"column":27}},"loc":{"start":{"line":32,"column":78},"end":{"line":34,"column":null}},"line":32},"2":{"name":"getAircraftData","decl":{"start":{"line":43,"column":16},"end":{"line":43,"column":null}},"loc":{"start":{"line":47,"column":30},"end":{"line":52,"column":null}},"line":47},"3":{"name":"createMockAircraft","decl":{"start":{"line":59,"column":16},"end":{"line":59,"column":35}},"loc":{"start":{"line":59,"column":75},"end":{"line":71,"column":null}},"line":59},"4":{"name":"generateMockAircraftArray","decl":{"start":{"line":80,"column":16},"end":{"line":80,"column":null}},"loc":{"start":{"line":84,"column":14},"end":{"line":108,"column":null}},"line":84}},"branchMap":{"0":{"loc":{"start":{"line":19,"column":18},"end":{"line":23,"column":null}},"type":"binary-expr","locations":[{"start":{"line":19,"column":18},"end":{"line":19,"column":30}},{"start":{"line":19,"column":30},"end":{"line":23,"column":null}}],"line":19},"1":{"loc":{"start":{"line":48,"column":4},"end":{"line":50,"column":null}},"type":"if","locations":[{"start":{"line":48,"column":4},"end":{"line":50,"column":null}},{"start":{},"end":{}}],"line":48},"2":{"loc":{"start":{"line":82,"column":4},"end":{"line":82,"column":null}},"type":"default-arg","locations":[{"start":{"line":82,"column":49},"end":{"line":82,"column":null}}],"line":82},"3":{"loc":{"start":{"line":83,"column":4},"end":{"line":83,"column":null}},"type":"default-arg","locations":[{"start":{"line":83,"column":27},"end":{"line":83,"column":null}}],"line":83}},"s":{"0":4,"1":0,"2":0,"3":0,"4":0,"5":0,"6":0,"7":0,"8":0,"9":0,"10":0,"11":0,"12":0,"13":0,"14":0,"15":0,"16":0},"f":{"0":4,"1":0,"2":0,"3":0,"4":0},"b":{"0":[4,4],"1":[0,0],"2":[0],"3":[0]},"meta":{"lastBranch":4,"lastFunction":5,"lastStatement":17,"seen":{"f:9:16:9:Infinity":0,"s:13:4:24:Infinity":0,"b:19:18:19:30:19:30:23:Infinity":0,"f:32:16:32:27":1,"s:33:4:33:Infinity":1,"f:43:16:43:Infinity":2,"b:48:4:50:Infinity:undefined:undefined:undefined:undefined":1,"s:48:4:50:Infinity":2,"s:49:8:49:Infinity":3,"s:51:4:51:Infinity":4,"f:59:16:59:35":3,"s:60:31:68:Infinity":5,"s:70:4:70:Infinity":6,"f:80:16:80:Infinity":4,"b:82:49:82:Infinity":2,"b:83:27:83:Infinity":3,"s:85:33:85:Infinity":7,"s:87:4:105:Infinity":8,"s:87:17:87:20":9,"s:88:14:88:Infinity":10,"s:89:14:89:Infinity":11,"s:90:25:90:Infinity":12,"s:91:28:91:Infinity":13,"s:92:22:92:Infinity":14,"s:94:8:104:Infinity":15,"s:107:4:107:Infinity":16}}}
,"C:\\Users\\silsl\\Documents\\GitHub\\SAATM\\frontend\\src\\lib\\transcriptUtils.ts": {"path":"C:\\Users\\silsl\\Documents\\GitHub\\SAATM\\frontend\\src\\lib\\transcriptUtils.ts","statementMap":{"0":{"start":{"line":11,"column":18},"end":{"line":11,"column":null}},"1":{"start":{"line":12,"column":4},"end":{"line":14,"column":null}},"2":{"start":{"line":13,"column":8},"end":{"line":13,"column":null}},"3":{"start":{"line":15,"column":20},"end":{"line":15,"column":null}},"4":{"start":{"line":16,"column":20},"end":{"line":16,"column":null}},"5":{"start":{"line":18,"column":4},"end":{"line":20,"column":null}},"6":{"start":{"line":19,"column":8},"end":{"line":19,"column":null}},"7":{"start":{"line":22,"column":4},"end":{"line":22,"column":null}},"8":{"start":{"line":37,"column":45},"end":{"line":37,"column":null}},"9":{"start":{"line":38,"column":16},"end":{"line":38,"column":null}},"10":{"start":{"line":40,"column":4},"end":{"line":50,"column":null}},"11":{"start":{"line":41,"column":24},"end":{"line":41,"column":null}},"12":{"start":{"line":42,"column":33},"end":{"line":42,"column":null}},"13":{"start":{"line":44,"column":8},"end":{"line":49,"column":null}},"14":{"start":{"line":45,"column":12},"end":{"line":45,"column":null}},"15":{"start":{"line":46,"column":12},"end":{"line":46,"column":null}},"16":{"start":{"line":48,"column":12},"end":{"line":48,"column":null}},"17":{"start":{"line":52,"column":4},"end":{"line":52,"column":null}},"18":{"start":{"line":65,"column":24},"end":{"line":65,"column":null}},"19":{"start":{"line":66,"column":4},"end":{"line":66,"column":null}},"20":{"start":{"line":79,"column":4},"end":{"line":81,"column":null}},"21":{"start":{"line":80,"column":8},"end":{"line":80,"column":null}},"22":{"start":{"line":82,"column":4},"end":{"line":82,"column":null}},"23":{"start":{"line":97,"column":24},"end":{"line":97,"column":null}},"24":{"start":{"line":98,"column":4},"end":{"line":100,"column":null}},"25":{"start":{"line":99,"column":8},"end":{"line":99,"column":null}},"26":{"start":{"line":102,"column":28},"end":{"line":102,"column":null}},"27":{"start":{"line":103,"column":22},"end":{"line":103,"column":null}},"28":{"start":{"line":104,"column":4},"end":{"line":104,"column":null}},"29":{"start":{"line":116,"column":4},"end":{"line":118,"column":null}},"30":{"start":{"line":117,"column":8},"end":{"line":117,"column":null}},"31":{"start":{"line":120,"column":4},"end":{"line":122,"column":null}},"32":{"start":{"line":121,"column":8},"end":{"line":121,"column":null}},"33":{"start":{"line":124,"column":4},"end":{"line":126,"column":null}},"34":{"start":{"line":125,"column":8},"end":{"line":125,"column":null}},"35":{"start":{"line":128,"column":4},"end":{"line":130,"column":null}},"36":{"start":{"line":129,"column":8},"end":{"line":129,"column":null}},"37":{"start":{"line":133,"column":27},"end":{"line":133,"column":null}},"38":{"start":{"line":134,"column":4},"end":{"line":136,"column":null}},"39":{"start":{"line":135,"column":8},"end":{"line":135,"column":null}},"40":{"start":{"line":138,"column":20},"end":{"line":138,"column":null}},"41":{"start":{"line":139,"column":20},"end":{"line":139,"column":null}},"42":{"start":{"line":141,"column":4},"end":{"line":146,"column":null}},"43":{"start":{"line":142,"column":8},"end":{"line":145,"column":null}},"44":{"start":{"line":148,"column":4},"end":{"line":150,"column":null}},"45":{"start":{"line":149,"column":8},"end":{"line":149,"column":null}},"46":{"start":{"line":152,"column":4},"end":{"line":152,"column":null}},"47":{"start":{"line":167,"column":4},"end":{"line":170,"column":null}},"48":{"start":{"line":168,"column":28},"end":{"line":168,"column":null}},"49":{"start":{"line":169,"column":8},"end":{"line":169,"column":null}},"50":{"start":{"line":183,"column":4},"end":{"line":185,"column":null}},"51":{"start":{"line":184,"column":8},"end":{"line":184,"column":null}},"52":{"start":{"line":186,"column":4},"end":{"line":186,"column":null}}},"fnMap":{"0":{"name":"parseTimestamp","decl":{"start":{"line":10,"column":16},"end":{"line":10,"column":31}},"loc":{"start":{"line":10,"column":58},"end":{"line":23,"column":null}},"line":10},"1":{"name":"getMessagesUpToTime","decl":{"start":{"line":32,"column":16},"end":{"line":32,"column":null}},"loc":{"start":{"line":36,"column":55},"end":{"line":53,"column":null}},"line":36},"2":{"name":"shouldShowMessage","decl":{"start":{"line":61,"column":16},"end":{"line":61,"column":null}},"loc":{"start":{"line":64,"column":11},"end":{"line":67,"column":null}},"line":64},"3":{"name":"getNextMessage","decl":{"start":{"line":75,"column":16},"end":{"line":75,"column":null}},"loc":{"start":{"line":78,"column":28},"end":{"line":83,"column":null}},"line":78},"4":{"name":"getTimeUntilNextMessage","decl":{"start":{"line":92,"column":16},"end":{"line":92,"column":null}},"loc":{"start":{"line":96,"column":17},"end":{"line":105,"column":null}},"line":96},"5":{"name":"validateTranscriptMessage","decl":{"start":{"line":112,"column":16},"end":{"line":112,"column":42}},"loc":{"start":{"line":115,"column":2},"end":{"line":153,"column":null}},"line":115},"6":{"name":"filterMessagesByTimeRange","decl":{"start":{"line":162,"column":16},"end":{"line":162,"column":null}},"loc":{"start":{"line":166,"column":23},"end":{"line":171,"column":null}},"line":166},"7":{"name":"(anonymous_7)","decl":{"start":{"line":167,"column":27},"end":{"line":167,"column":28}},"loc":{"start":{"line":167,"column":40},"end":{"line":170,"column":5}},"line":167},"8":{"name":"getTranscriptProgress","decl":{"start":{"line":179,"column":16},"end":{"line":179,"column":null}},"loc":{"start":{"line":182,"column":10},"end":{"line":187,"column":null}},"line":182}},"branchMap":{"0":{"loc":{"start":{"line":12,"column":4},"end":{"line":14,"column":null}},"type":"if","locations":[{"start":{"line":12,"column":4},"end":{"line":14,"column":null}},{"start":{},"end":{}}],"line":12},"1":{"loc":{"start":{"line":18,"column":4},"end":{"line":20,"column":null}},"type":"if","locations":[{"start":{"line":18,"column":4},"end":{"line":20,"column":null}},{"start":{},"end":{}}],"line":18},"2":{"loc":{"start":{"line":18,"column":8},"end":{"line":18,"column":42}},"type":"binary-expr","locations":[{"start":{"line":18,"column":8},"end":{"line":18,"column":26}},{"start":{"line":18,"column":26},"end":{"line":18,"column":42}}],"line":18},"3":{"loc":{"start":{"line":35,"column":4},"end":{"line":35,"column":null}},"type":"default-arg","locations":[{"start":{"line":35,"column":28},"end":{"line":35,"column":null}}],"line":35},"4":{"loc":{"start":{"line":44,"column":8},"end":{"line":49,"column":null}},"type":"if","locations":[{"start":{"line":44,"column":8},"end":{"line":49,"column":null}},{"start":{"line":47,"column":15},"end":{"line":49,"column":null}}],"line":44},"5":{"loc":{"start":{"line":79,"column":4},"end":{"line":81,"column":null}},"type":"if","locations":[{"start":{"line":79,"column":4},"end":{"line":81,"column":null}},{"start":{},"end":{}}],"line":79},"6":{"loc":{"start":{"line":98,"column":4},"end":{"line":100,"column":null}},"type":"if","locations":[{"start":{"line":98,"column":4},"end":{"line":100,"column":null}},{"start":{},"end":{}}],"line":98},"7":{"loc":{"start":{"line":104,"column":11},"end":{"line":104,"column":null}},"type":"cond-expr","locations":[{"start":{"line":104,"column":27},"end":{"line":104,"column":39}},{"start":{"line":104,"column":39},"end":{"line":104,"column":null}}],"line":104},"8":{"loc":{"start":{"line":116,"column":4},"end":{"line":118,"column":null}},"type":"if","locations":[{"start":{"line":116,"column":4},"end":{"line":118,"column":null}},{"start":{},"end":{}}],"line":116},"9":{"loc":{"start":{"line":120,"column":4},"end":{"line":122,"column":null}},"type":"if","locations":[{"start":{"line":120,"column":4},"end":{"line":122,"column":null}},{"start":{},"end":{}}],"line":120},"10":{"loc":{"start":{"line":120,"column":8},"end":{"line":120,"column":69}},"type":"binary-expr","locations":[{"start":{"line":120,"column":8},"end":{"line":120,"column":30}},{"start":{"line":120,"column":30},"end":{"line":120,"column":69}}],"line":120},"11":{"loc":{"start":{"line":124,"column":4},"end":{"line":126,"column":null}},"type":"if","locations":[{"start":{"line":124,"column":4},"end":{"line":126,"column":null}},{"start":{},"end":{}}],"line":124},"12":{"loc":{"start":{"line":124,"column":8},"end":{"line":124,"column":65}},"type":"binary-expr","locations":[{"start":{"line":124,"column":8},"end":{"line":124,"column":28}},{"start":{"line":124,"column":28},"end":{"line":124,"column":65}}],"line":124},"13":{"loc":{"start":{"line":128,"column":4},"end":{"line":130,"column":null}},"type":"if","locations":[{"start":{"line":128,"column":4},"end":{"line":130,"column":null}},{"start":{},"end":{}}],"line":128},"14":{"loc":{"start":{"line":128,"column":8},"end":{"line":128,"column":59}},"type":"binary-expr","locations":[{"start":{"line":128,"column":8},"end":{"line":128,"column":25}},{"start":{"line":128,"column":25},"end":{"line":128,"column":59}}],"line":128},"15":{"loc":{"start":{"line":134,"column":4},"end":{"line":136,"column":null}},"type":"if","locations":[{"start":{"line":134,"column":4},"end":{"line":136,"column":null}},{"start":{},"end":{}}],"line":134},"16":{"loc":{"start":{"line":141,"column":4},"end":{"line":146,"column":null}},"type":"if","locations":[{"start":{"line":141,"column":4},"end":{"line":146,"column":null}},{"start":{},"end":{}}],"line":141},"17":{"loc":{"start":{"line":141,"column":8},"end":{"line":141,"column":42}},"type":"binary-expr","locations":[{"start":{"line":141,"column":8},"end":{"line":141,"column":26}},{"start":{"line":141,"column":26},"end":{"line":141,"column":42}}],"line":141},"18":{"loc":{"start":{"line":148,"column":4},"end":{"line":150,"column":null}},"type":"if","locations":[{"start":{"line":148,"column":4},"end":{"line":150,"column":null}},{"start":{},"end":{}}],"line":148},"19":{"loc":{"start":{"line":148,"column":8},"end":{"line":148,"column":38}},"type":"binary-expr","locations":[{"start":{"line":148,"column":8},"end":{"line":148,"column":23}},{"start":{"line":148,"column":23},"end":{"line":148,"column":38}}],"line":148},"20":{"loc":{"start":{"line":169,"column":15},"end":{"line":169,"column":null}},"type":"binary-expr","locations":[{"start":{"line":169,"column":15},"end":{"line":169,"column":43}},{"start":{"line":169,"column":43},"end":{"line":169,"column":null}}],"line":169},"21":{"loc":{"start":{"line":183,"column":4},"end":{"line":185,"column":null}},"type":"if","locations":[{"start":{"line":183,"column":4},"end":{"line":185,"column":null}},{"start":{},"end":{}}],"line":183}},"s":{"0":30,"1":30,"2":2,"3":28,"4":28,"5":28,"6":3,"7":25,"8":5,"9":5,"10":5,"11":8,"12":8,"13":8,"14":5,"15":5,"16":3,"17":5,"18":2,"19":2,"20":6,"21":2,"22":4,"23":3,"24":3,"25":1,"26":2,"27":2,"28":2,"29":7,"30":1,"31":6,"32":1,"33":5,"34":1,"35":4,"36":1,"37":3,"38":3,"39":0,"40":3,"41":3,"42":3,"43":1,"44":2,"45":1,"46":1,"47":2,"48":6,"49":6,"50":3,"51":1,"52":2},"f":{"0":30,"1":5,"2":2,"3":6,"4":3,"5":7,"6":2,"7":6,"8":3},"b":{"0":[2,28],"1":[3,25],"2":[28,26],"3":[5],"4":[5,3],"5":[2,4],"6":[1,2],"7":[1,1],"8":[1,6],"9":[1,5],"10":[6,5],"11":[1,4],"12":[5,5],"13":[1,3],"14":[4,4],"15":[0,3],"16":[1,2],"17":[3,2],"18":[1,1],"19":[2,2],"20":[6,2],"21":[1,2]},"meta":{"lastBranch":22,"lastFunction":9,"lastStatement":53,"seen":{"f:10:16:10:31":0,"s:11:18:11:Infinity":0,"b:12:4:14:Infinity:undefined:undefined:undefined:undefined":0,"s:12:4:14:Infinity":1,"s:13:8:13:Infinity":2,"s:15:20:15:Infinity":3,"s:16:20:16:Infinity":4,"b:18:4:20:Infinity:undefined:undefined:undefined:undefined":1,"s:18:4:20:Infinity":5,"b:18:8:18:26:18:26:18:42":2,"s:19:8:19:Infinity":6,"s:22:4:22:Infinity":7,"f:32:16:32:Infinity":1,"b:35:28:35:Infinity":3,"s:37:45:37:Infinity":8,"s:38:16:38:Infinity":9,"s:40:4:50:Infinity":10,"s:41:24:41:Infinity":11,"s:42:33:42:Infinity":12,"b:44:8:49:Infinity:47:15:49:Infinity":4,"s:44:8:49:Infinity":13,"s:45:12:45:Infinity":14,"s:46:12:46:Infinity":15,"s:48:12:48:Infinity":16,"s:52:4:52:Infinity":17,"f:61:16:61:Infinity":2,"s:65:24:65:Infinity":18,"s:66:4:66:Infinity":19,"f:75:16:75:Infinity":3,"b:79:4:81:Infinity:undefined:undefined:undefined:undefined":5,"s:79:4:81:Infinity":20,"s:80:8:80:Infinity":21,"s:82:4:82:Infinity":22,"f:92:16:92:Infinity":4,"s:97:24:97:Infinity":23,"b:98:4:100:Infinity:undefined:undefined:undefined:undefined":6,"s:98:4:100:Infinity":24,"s:99:8:99:Infinity":25,"s:102:28:102:Infinity":26,"s:103:22:103:Infinity":27,"s:104:4:104:Infinity":28,"b:104:27:104:39:104:39:104:Infinity":7,"f:112:16:112:42":5,"b:116:4:118:Infinity:undefined:undefined:undefined:undefined":8,"s:116:4:118:Infinity":29,"s:117:8:117:Infinity":30,"b:120:4:122:Infinity:undefined:undefined:undefined:undefined":9,"s:120:4:122:Infinity":31,"b:120:8:120:30:120:30:120:69":10,"s:121:8:121:Infinity":32,"b:124:4:126:Infinity:undefined:undefined:undefined:undefined":11,"s:124:4:126:Infinity":33,"b:124:8:124:28:124:28:124:65":12,"s:125:8:125:Infinity":34,"b:128:4:130:Infinity:undefined:undefined:undefined:undefined":13,"s:128:4:130:Infinity":35,"b:128:8:128:25:128:25:128:59":14,"s:129:8:129:Infinity":36,"s:133:27:133:Infinity":37,"b:134:4:136:Infinity:undefined:undefined:undefined:undefined":15,"s:134:4:136:Infinity":38,"s:135:8:135:Infinity":39,"s:138:20:138:Infinity":40,"s:139:20:139:Infinity":41,"b:141:4:146:Infinity:undefined:undefined:undefined:undefined":16,"s:141:4:146:Infinity":42,"b:141:8:141:26:141:26:141:42":17,"s:142:8:145:Infinity":43,"b:148:4:150:Infinity:undefined:undefined:undefined:undefined":18,"s:148:4:150:Infinity":44,"b:148:8:148:23:148:23:148:38":19,"s:149:8:149:Infinity":45,"s:152:4:152:Infinity":46,"f:162:16:162:Infinity":6,"s:167:4:170:Infinity":47,"f:167:27:167:28":7,"s:168:28:168:Infinity":48,"s:169:8:169:Infinity":49,"b:169:15:169:43:169:43:169:Infinity":20,"f:179:16:179:Infinity":8,"b:183:4:185:Infinity:undefined:undefined:undefined:undefined":21,"s:183:4:185:Infinity":50,"s:184:8:184:Infinity":51,"s:186:4:186:Infinity":52}}}
}
